TN:
SF:C:\Users\Magneto\meal-cg\babel.config.js
FNF:0
FNH:0
DA:1,0
LF:1
LH:0
BRF:0
BRH:0
end_of_record
TN:
SF:C:\Users\Magneto\meal-cg\jest.config.js
FNF:0
FNH:0
DA:1,0
LF:1
LH:0
BRF:0
BRH:0
end_of_record
TN:
SF:C:\Users\Magneto\meal-cg\src\components\MealWorld.vue
FN:61,(anonymous_1)
FN:64,(anonymous_2)
FN:73,(anonymous_3)
FN:80,(anonymous_4)
FN:85,(anonymous_5)
FN:89,(anonymous_6)
FNF:6
FNH:3
FNDA:3,(anonymous_1)
FNDA:0,(anonymous_2)
FNDA:3,(anonymous_3)
FNDA:3,(anonymous_4)
FNDA:0,(anonymous_5)
FNDA:0,(anonymous_6)
DA:55,2
DA:62,3
DA:65,0
DA:66,0
DA:67,0
DA:68,0
DA:74,3
DA:81,3
DA:86,0
DA:88,0
DA:89,0
LF:11
LH:4
BRDA:65,0,0,0
BRDA:65,0,1,0
BRDA:86,1,0,0
BRDA:86,1,1,0
BRF:4
BRH:0
end_of_record
TN:
SF:C:\Users\Magneto\meal-cg\src\router\index.js
FNF:0
FNH:0
DA:7,2
DA:9,2
DA:26,2
LF:3
LH:3
BRF:0
BRH:0
end_of_record
TN:
SF:C:\Users\Magneto\meal-cg\src\service\meal.service.js
FN:4,getRandomMeal
FN:8,getMealBySearchName
FNF:2
FNH:0
FNDA:0,getRandomMeal
FNDA:0,getMealBySearchName
DA:5,0
DA:9,0
LF:2
LH:0
BRF:0
BRH:0
end_of_record
TN:
SF:C:\Users\Magneto\meal-cg\src\store\index.js
FN:13,(anonymous_0)
FN:18,(anonymous_1)
FN:21,(anonymous_2)
FNF:3
FNH:0
FNDA:0,(anonymous_0)
FNDA:0,(anonymous_1)
FNDA:0,(anonymous_2)
DA:5,0
DA:14,0
DA:19,0
DA:20,0
DA:21,0
LF:5
LH:0
BRF:0
BRH:0
end_of_record
